{"timestamp":"2025-06-13T22:07:23.593317","level":"info","event":"DAG bundles loaded: dags-folder, example_dags","logger":"airflow.dag_processing.bundles.manager.DagBundlesManager"}
{"timestamp":"2025-06-13T22:07:23.593844","level":"info","event":"Filling up the DagBag from /home/ruslan/airflow/dags/airflow.py","logger":"airflow.models.dagbag.DagBag"}
{"timestamp":"2025-06-13T22:07:23.604094","level":"info","event":"Tmp dir root location: /tmp","logger":"airflow.task.hooks.airflow.providers.standard.hooks.subprocess.SubprocessHook"}
{"timestamp":"2025-06-13T22:07:23.604376","level":"info","event":"Running command: ['/usr/bin/bash', '-c', 'bwa mem /home/ruslan/airflow/data/GCF_000005845.2_ASM584v2_genomic.fna /home/ruslan/airflow/data/SRR33602302.fastq.gz | gzip -3 > /home/ruslan/airflow/data/aln-se.sam.gz']","logger":"airflow.task.hooks.airflow.providers.standard.hooks.subprocess.SubprocessHook"}
{"timestamp":"2025-06-13T22:07:23.634744Z","level":"info","event":"Task instance is in running state","chan":"stdout","logger":"task"}
{"timestamp":"2025-06-13T22:07:23.634835Z","level":"info","event":" Previous state of the Task instance: TaskInstanceState.QUEUED","chan":"stdout","logger":"task"}
{"timestamp":"2025-06-13T22:07:23.634887Z","level":"info","event":"Current task name:mem","chan":"stdout","logger":"task"}
{"timestamp":"2025-06-13T22:07:23.634937Z","level":"info","event":"Dag name:alignment_analysis","chan":"stdout","logger":"task"}
{"timestamp":"2025-06-13T22:07:23.617499","level":"info","event":"Output:","logger":"airflow.task.hooks.airflow.providers.standard.hooks.subprocess.SubprocessHook"}
{"timestamp":"2025-06-13T22:07:23.623148","level":"info","event":"[M::bwa_idx_load_from_disk] read 0 ALT contigs","logger":"airflow.task.hooks.airflow.providers.standard.hooks.subprocess.SubprocessHook"}
{"timestamp":"2025-06-13T22:07:23.719219","level":"info","event":"[M::process] read 2946 sequences (10031353 bp)...","logger":"airflow.task.hooks.airflow.providers.standard.hooks.subprocess.SubprocessHook"}
{"timestamp":"2025-06-13T22:07:23.811092","level":"info","event":"[M::process] read 2928 sequences (10003207 bp)...","logger":"airflow.task.hooks.airflow.providers.standard.hooks.subprocess.SubprocessHook"}
{"timestamp":"2025-06-13T22:07:32.010319","level":"info","event":"[M::mem_process_seqs] Processed 2946 reads in 8.367 CPU sec, 8.291 real sec","logger":"airflow.task.hooks.airflow.providers.standard.hooks.subprocess.SubprocessHook"}
{"timestamp":"2025-06-13T22:07:32.634056","level":"info","event":"[M::process] read 2888 sequences (10004274 bp)...","logger":"airflow.task.hooks.airflow.providers.standard.hooks.subprocess.SubprocessHook"}
{"timestamp":"2025-06-13T22:07:40.473664","level":"info","event":"[M::mem_process_seqs] Processed 2928 reads in 8.551 CPU sec, 8.463 real sec","logger":"airflow.task.hooks.airflow.providers.standard.hooks.subprocess.SubprocessHook"}
{"timestamp":"2025-06-13T22:07:41.074477","level":"info","event":"[M::process] read 2794 sequences (10016324 bp)...","logger":"airflow.task.hooks.airflow.providers.standard.hooks.subprocess.SubprocessHook"}
{"timestamp":"2025-06-13T22:07:49.501653","level":"info","event":"[M::mem_process_seqs] Processed 2888 reads in 9.112 CPU sec, 9.028 real sec","logger":"airflow.task.hooks.airflow.providers.standard.hooks.subprocess.SubprocessHook"}
{"timestamp":"2025-06-13T22:07:50.102785","level":"info","event":"[M::process] read 2730 sequences (10019997 bp)...","logger":"airflow.task.hooks.airflow.providers.standard.hooks.subprocess.SubprocessHook"}
{"timestamp":"2025-06-13T22:07:57.804094","level":"info","event":"[M::mem_process_seqs] Processed 2794 reads in 8.383 CPU sec, 8.302 real sec","logger":"airflow.task.hooks.airflow.providers.standard.hooks.subprocess.SubprocessHook"}
{"timestamp":"2025-06-13T22:07:58.401395","level":"info","event":"[M::process] read 2842 sequences (10012974 bp)...","logger":"airflow.task.hooks.airflow.providers.standard.hooks.subprocess.SubprocessHook"}
{"timestamp":"2025-06-13T22:08:05.682232","level":"info","event":"[M::mem_process_seqs] Processed 2730 reads in 7.970 CPU sec, 7.878 real sec","logger":"airflow.task.hooks.airflow.providers.standard.hooks.subprocess.SubprocessHook"}
{"timestamp":"2025-06-13T22:08:06.259279","level":"info","event":"[M::process] read 2712 sequences (10023792 bp)...","logger":"airflow.task.hooks.airflow.providers.standard.hooks.subprocess.SubprocessHook"}
{"timestamp":"2025-06-13T22:08:14.295972","level":"info","event":"[M::mem_process_seqs] Processed 2842 reads in 8.707 CPU sec, 8.614 real sec","logger":"airflow.task.hooks.airflow.providers.standard.hooks.subprocess.SubprocessHook"}
{"timestamp":"2025-06-13T22:08:14.881784","level":"info","event":"[M::process] read 2854 sequences (10003775 bp)...","logger":"airflow.task.hooks.airflow.providers.standard.hooks.subprocess.SubprocessHook"}
{"timestamp":"2025-06-13T22:08:22.876249","level":"info","event":"[M::mem_process_seqs] Processed 2712 reads in 8.659 CPU sec, 8.580 real sec","logger":"airflow.task.hooks.airflow.providers.standard.hooks.subprocess.SubprocessHook"}
{"timestamp":"2025-06-13T22:08:23.455047","level":"info","event":"[M::process] read 2756 sequences (10017968 bp)...","logger":"airflow.task.hooks.airflow.providers.standard.hooks.subprocess.SubprocessHook"}
{"timestamp":"2025-06-13T22:08:31.317865","level":"info","event":"[M::mem_process_seqs] Processed 2854 reads in 8.521 CPU sec, 8.442 real sec","logger":"airflow.task.hooks.airflow.providers.standard.hooks.subprocess.SubprocessHook"}
{"timestamp":"2025-06-13T22:08:31.921793","level":"info","event":"[M::process] read 2992 sequences (10012871 bp)...","logger":"airflow.task.hooks.airflow.providers.standard.hooks.subprocess.SubprocessHook"}
{"timestamp":"2025-06-13T22:08:39.660368","level":"info","event":"[M::mem_process_seqs] Processed 2756 reads in 8.441 CPU sec, 8.342 real sec","logger":"airflow.task.hooks.airflow.providers.standard.hooks.subprocess.SubprocessHook"}
{"timestamp":"2025-06-13T22:08:40.247602","level":"info","event":"[M::process] read 3070 sequences (10002301 bp)...","logger":"airflow.task.hooks.airflow.providers.standard.hooks.subprocess.SubprocessHook"}
{"timestamp":"2025-06-13T22:08:47.925361","level":"info","event":"[M::mem_process_seqs] Processed 2992 reads in 8.351 CPU sec, 8.265 real sec","logger":"airflow.task.hooks.airflow.providers.standard.hooks.subprocess.SubprocessHook"}
{"timestamp":"2025-06-13T22:08:48.523953","level":"info","event":"[M::process] read 2846 sequences (10003344 bp)...","logger":"airflow.task.hooks.airflow.providers.standard.hooks.subprocess.SubprocessHook"}
{"timestamp":"2025-06-13T22:08:55.966506","level":"info","event":"[M::mem_process_seqs] Processed 3070 reads in 8.133 CPU sec, 8.041 real sec","logger":"airflow.task.hooks.airflow.providers.standard.hooks.subprocess.SubprocessHook"}
{"timestamp":"2025-06-13T22:08:56.566542","level":"info","event":"[M::process] read 2692 sequences (10001076 bp)...","logger":"airflow.task.hooks.airflow.providers.standard.hooks.subprocess.SubprocessHook"}
{"timestamp":"2025-06-13T22:09:04.252462","level":"info","event":"[M::mem_process_seqs] Processed 2846 reads in 8.364 CPU sec, 8.286 real sec","logger":"airflow.task.hooks.airflow.providers.standard.hooks.subprocess.SubprocessHook"}
{"timestamp":"2025-06-13T22:09:04.830668","level":"info","event":"[M::process] read 2872 sequences (10003849 bp)...","logger":"airflow.task.hooks.airflow.providers.standard.hooks.subprocess.SubprocessHook"}
{"timestamp":"2025-06-13T22:09:12.481604","level":"info","event":"[M::mem_process_seqs] Processed 2692 reads in 8.305 CPU sec, 8.229 real sec","logger":"airflow.task.hooks.airflow.providers.standard.hooks.subprocess.SubprocessHook"}
{"timestamp":"2025-06-13T22:09:13.067254","level":"info","event":"[M::process] read 2770 sequences (10003662 bp)...","logger":"airflow.task.hooks.airflow.providers.standard.hooks.subprocess.SubprocessHook"}
{"timestamp":"2025-06-13T22:09:20.659288","level":"info","event":"[M::mem_process_seqs] Processed 2872 reads in 8.255 CPU sec, 8.178 real sec","logger":"airflow.task.hooks.airflow.providers.standard.hooks.subprocess.SubprocessHook"}
{"timestamp":"2025-06-13T22:09:21.240328","level":"info","event":"[M::process] read 2596 sequences (10010576 bp)...","logger":"airflow.task.hooks.airflow.providers.standard.hooks.subprocess.SubprocessHook"}
{"timestamp":"2025-06-13T22:09:29.741653","level":"info","event":"[M::mem_process_seqs] Processed 2770 reads in 9.157 CPU sec, 9.082 real sec","logger":"airflow.task.hooks.airflow.providers.standard.hooks.subprocess.SubprocessHook"}
{"timestamp":"2025-06-13T22:09:30.336630","level":"info","event":"[M::process] read 2674 sequences (10004785 bp)...","logger":"airflow.task.hooks.airflow.providers.standard.hooks.subprocess.SubprocessHook"}
{"timestamp":"2025-06-13T22:09:37.890369","level":"info","event":"[M::mem_process_seqs] Processed 2596 reads in 8.239 CPU sec, 8.149 real sec","logger":"airflow.task.hooks.airflow.providers.standard.hooks.subprocess.SubprocessHook"}
{"timestamp":"2025-06-13T22:09:38.488691","level":"info","event":"[M::process] read 2672 sequences (10022265 bp)...","logger":"airflow.task.hooks.airflow.providers.standard.hooks.subprocess.SubprocessHook"}
{"timestamp":"2025-06-13T22:09:46.354277","level":"info","event":"[M::mem_process_seqs] Processed 2674 reads in 8.550 CPU sec, 8.464 real sec","logger":"airflow.task.hooks.airflow.providers.standard.hooks.subprocess.SubprocessHook"}
{"timestamp":"2025-06-13T22:09:46.961881","level":"info","event":"[M::process] read 2774 sequences (10016458 bp)...","logger":"airflow.task.hooks.airflow.providers.standard.hooks.subprocess.SubprocessHook"}
{"timestamp":"2025-06-13T22:09:54.682936","level":"info","event":"[M::mem_process_seqs] Processed 2672 reads in 8.412 CPU sec, 8.329 real sec","logger":"airflow.task.hooks.airflow.providers.standard.hooks.subprocess.SubprocessHook"}
{"timestamp":"2025-06-13T22:09:55.288204","level":"info","event":"[M::process] read 3130 sequences (10005472 bp)...","logger":"airflow.task.hooks.airflow.providers.standard.hooks.subprocess.SubprocessHook"}
{"timestamp":"2025-06-13T22:10:02.884612","level":"info","event":"[M::mem_process_seqs] Processed 2774 reads in 8.279 CPU sec, 8.202 real sec","logger":"airflow.task.hooks.airflow.providers.standard.hooks.subprocess.SubprocessHook"}
{"timestamp":"2025-06-13T22:10:03.480899","level":"info","event":"[M::process] read 2932 sequences (10005631 bp)...","logger":"airflow.task.hooks.airflow.providers.standard.hooks.subprocess.SubprocessHook"}
{"timestamp":"2025-06-13T22:10:11.124626","level":"info","event":"[M::mem_process_seqs] Processed 3130 reads in 8.328 CPU sec, 8.240 real sec","logger":"airflow.task.hooks.airflow.providers.standard.hooks.subprocess.SubprocessHook"}
{"timestamp":"2025-06-13T22:10:11.726928","level":"info","event":"[M::process] read 2662 sequences (10000710 bp)...","logger":"airflow.task.hooks.airflow.providers.standard.hooks.subprocess.SubprocessHook"}
{"timestamp":"2025-06-13T22:10:19.532274","level":"info","event":"[M::mem_process_seqs] Processed 2932 reads in 8.487 CPU sec, 8.408 real sec","logger":"airflow.task.hooks.airflow.providers.standard.hooks.subprocess.SubprocessHook"}
{"timestamp":"2025-06-13T22:10:20.133917","level":"info","event":"[M::process] read 2754 sequences (10007302 bp)...","logger":"airflow.task.hooks.airflow.providers.standard.hooks.subprocess.SubprocessHook"}
{"timestamp":"2025-06-13T22:10:28.243841","level":"info","event":"[M::mem_process_seqs] Processed 2662 reads in 8.787 CPU sec, 8.712 real sec","logger":"airflow.task.hooks.airflow.providers.standard.hooks.subprocess.SubprocessHook"}
{"timestamp":"2025-06-13T22:10:28.851623","level":"info","event":"[M::process] read 2962 sequences (10005989 bp)...","logger":"airflow.task.hooks.airflow.providers.standard.hooks.subprocess.SubprocessHook"}
{"timestamp":"2025-06-13T22:10:36.586454","level":"info","event":"[M::mem_process_seqs] Processed 2754 reads in 8.428 CPU sec, 8.343 real sec","logger":"airflow.task.hooks.airflow.providers.standard.hooks.subprocess.SubprocessHook"}
{"timestamp":"2025-06-13T22:10:37.195854","level":"info","event":"[M::process] read 3158 sequences (10008485 bp)...","logger":"airflow.task.hooks.airflow.providers.standard.hooks.subprocess.SubprocessHook"}
{"timestamp":"2025-06-13T22:10:45.224775","level":"info","event":"[M::mem_process_seqs] Processed 2962 reads in 8.728 CPU sec, 8.638 real sec","logger":"airflow.task.hooks.airflow.providers.standard.hooks.subprocess.SubprocessHook"}
{"timestamp":"2025-06-13T22:10:45.814717","level":"info","event":"[M::process] read 2966 sequences (10001731 bp)...","logger":"airflow.task.hooks.airflow.providers.standard.hooks.subprocess.SubprocessHook"}
{"timestamp":"2025-06-13T22:10:53.211950","level":"info","event":"[M::mem_process_seqs] Processed 3158 reads in 8.077 CPU sec, 7.987 real sec","logger":"airflow.task.hooks.airflow.providers.standard.hooks.subprocess.SubprocessHook"}
{"timestamp":"2025-06-13T22:10:53.806215","level":"info","event":"[M::process] read 2662 sequences (10003715 bp)...","logger":"airflow.task.hooks.airflow.providers.standard.hooks.subprocess.SubprocessHook"}
{"timestamp":"2025-06-13T22:11:01.074060","level":"info","event":"[M::mem_process_seqs] Processed 2966 reads in 7.955 CPU sec, 7.862 real sec","logger":"airflow.task.hooks.airflow.providers.standard.hooks.subprocess.SubprocessHook"}
{"timestamp":"2025-06-13T22:11:01.677451","level":"info","event":"[M::process] read 2724 sequences (10008904 bp)...","logger":"airflow.task.hooks.airflow.providers.standard.hooks.subprocess.SubprocessHook"}
{"timestamp":"2025-06-13T22:11:09.295743","level":"info","event":"[M::mem_process_seqs] Processed 2662 reads in 8.317 CPU sec, 8.222 real sec","logger":"airflow.task.hooks.airflow.providers.standard.hooks.subprocess.SubprocessHook"}
{"timestamp":"2025-06-13T22:11:09.903245","level":"info","event":"[M::process] read 2806 sequences (10021267 bp)...","logger":"airflow.task.hooks.airflow.providers.standard.hooks.subprocess.SubprocessHook"}
{"timestamp":"2025-06-13T22:11:17.968853","level":"info","event":"[M::mem_process_seqs] Processed 2724 reads in 8.766 CPU sec, 8.673 real sec","logger":"airflow.task.hooks.airflow.providers.standard.hooks.subprocess.SubprocessHook"}
{"timestamp":"2025-06-13T22:11:18.565449","level":"info","event":"[M::process] read 2842 sequences (10011275 bp)...","logger":"airflow.task.hooks.airflow.providers.standard.hooks.subprocess.SubprocessHook"}
{"timestamp":"2025-06-13T22:11:26.733625","level":"info","event":"[M::mem_process_seqs] Processed 2806 reads in 8.848 CPU sec, 8.765 real sec","logger":"airflow.task.hooks.airflow.providers.standard.hooks.subprocess.SubprocessHook"}
{"timestamp":"2025-06-13T22:11:27.343932","level":"info","event":"[M::process] read 2788 sequences (10001587 bp)...","logger":"airflow.task.hooks.airflow.providers.standard.hooks.subprocess.SubprocessHook"}
{"timestamp":"2025-06-13T22:11:34.987358","level":"info","event":"[M::mem_process_seqs] Processed 2842 reads in 8.327 CPU sec, 8.254 real sec","logger":"airflow.task.hooks.airflow.providers.standard.hooks.subprocess.SubprocessHook"}
{"timestamp":"2025-06-13T22:11:35.592404","level":"info","event":"[M::process] read 2688 sequences (10000791 bp)...","logger":"airflow.task.hooks.airflow.providers.standard.hooks.subprocess.SubprocessHook"}
{"timestamp":"2025-06-13T22:11:43.575852","level":"info","event":"[M::mem_process_seqs] Processed 2788 reads in 8.668 CPU sec, 8.589 real sec","logger":"airflow.task.hooks.airflow.providers.standard.hooks.subprocess.SubprocessHook"}
{"timestamp":"2025-06-13T22:11:44.181121","level":"info","event":"[M::process] read 2824 sequences (10006461 bp)...","logger":"airflow.task.hooks.airflow.providers.standard.hooks.subprocess.SubprocessHook"}
{"timestamp":"2025-06-13T22:11:52.084040","level":"info","event":"[M::mem_process_seqs] Processed 2688 reads in 8.594 CPU sec, 8.508 real sec","logger":"airflow.task.hooks.airflow.providers.standard.hooks.subprocess.SubprocessHook"}
{"timestamp":"2025-06-13T22:11:52.719373","level":"info","event":"[M::process] read 2788 sequences (10005257 bp)...","logger":"airflow.task.hooks.airflow.providers.standard.hooks.subprocess.SubprocessHook"}
{"timestamp":"2025-06-13T22:12:00.879954","level":"info","event":"[M::mem_process_seqs] Processed 2824 reads in 8.887 CPU sec, 8.796 real sec","logger":"airflow.task.hooks.airflow.providers.standard.hooks.subprocess.SubprocessHook"}
{"timestamp":"2025-06-13T22:12:01.500042","level":"info","event":"[M::process] read 2588 sequences (10016217 bp)...","logger":"airflow.task.hooks.airflow.providers.standard.hooks.subprocess.SubprocessHook"}
{"timestamp":"2025-06-13T22:12:09.553353","level":"info","event":"[M::mem_process_seqs] Processed 2788 reads in 8.756 CPU sec, 8.673 real sec","logger":"airflow.task.hooks.airflow.providers.standard.hooks.subprocess.SubprocessHook"}
{"timestamp":"2025-06-13T22:12:10.153229","level":"info","event":"[M::process] read 2642 sequences (10000872 bp)...","logger":"airflow.task.hooks.airflow.providers.standard.hooks.subprocess.SubprocessHook"}
{"timestamp":"2025-06-13T22:12:18.558394","level":"info","event":"[M::mem_process_seqs] Processed 2588 reads in 9.090 CPU sec, 9.005 real sec","logger":"airflow.task.hooks.airflow.providers.standard.hooks.subprocess.SubprocessHook"}
{"timestamp":"2025-06-13T22:12:19.161235","level":"info","event":"[M::process] read 2614 sequences (10000586 bp)...","logger":"airflow.task.hooks.airflow.providers.standard.hooks.subprocess.SubprocessHook"}
{"timestamp":"2025-06-13T22:12:27.149944","level":"info","event":"[M::mem_process_seqs] Processed 2642 reads in 8.675 CPU sec, 8.591 real sec","logger":"airflow.task.hooks.airflow.providers.standard.hooks.subprocess.SubprocessHook"}
{"timestamp":"2025-06-13T22:12:27.748906","level":"info","event":"[M::process] read 2894 sequences (10013584 bp)...","logger":"airflow.task.hooks.airflow.providers.standard.hooks.subprocess.SubprocessHook"}
{"timestamp":"2025-06-13T22:12:35.552295","level":"info","event":"[M::mem_process_seqs] Processed 2614 reads in 8.482 CPU sec, 8.402 real sec","logger":"airflow.task.hooks.airflow.providers.standard.hooks.subprocess.SubprocessHook"}
{"timestamp":"2025-06-13T22:12:36.155718","level":"info","event":"[M::process] read 2788 sequences (10016977 bp)...","logger":"airflow.task.hooks.airflow.providers.standard.hooks.subprocess.SubprocessHook"}
{"timestamp":"2025-06-13T22:12:43.844381","level":"info","event":"[M::mem_process_seqs] Processed 2894 reads in 8.383 CPU sec, 8.292 real sec","logger":"airflow.task.hooks.airflow.providers.standard.hooks.subprocess.SubprocessHook"}
{"timestamp":"2025-06-13T22:12:44.458671","level":"info","event":"[M::process] read 2912 sequences (10006548 bp)...","logger":"airflow.task.hooks.airflow.providers.standard.hooks.subprocess.SubprocessHook"}
{"timestamp":"2025-06-13T22:12:52.387120","level":"info","event":"[M::mem_process_seqs] Processed 2788 reads in 8.638 CPU sec, 8.543 real sec","logger":"airflow.task.hooks.airflow.providers.standard.hooks.subprocess.SubprocessHook"}
{"timestamp":"2025-06-13T22:12:53.010554","level":"info","event":"[M::process] read 2768 sequences (10007711 bp)...","logger":"airflow.task.hooks.airflow.providers.standard.hooks.subprocess.SubprocessHook"}
{"timestamp":"2025-06-13T22:13:01.122080","level":"info","event":"[M::mem_process_seqs] Processed 2912 reads in 8.833 CPU sec, 8.735 real sec","logger":"airflow.task.hooks.airflow.providers.standard.hooks.subprocess.SubprocessHook"}
{"timestamp":"2025-06-13T22:13:01.638296","level":"info","event":"[M::process] read 15 sequences (28053 bp)...","logger":"airflow.task.hooks.airflow.providers.standard.hooks.subprocess.SubprocessHook"}
{"timestamp":"2025-06-13T22:13:09.564936","level":"info","event":"[M::mem_process_seqs] Processed 2768 reads in 8.448 CPU sec, 8.443 real sec","logger":"airflow.task.hooks.airflow.providers.standard.hooks.subprocess.SubprocessHook"}
{"timestamp":"2025-06-13T22:13:09.588551","level":"info","event":"[M::mem_process_seqs] Processed 15 reads in 0.024 CPU sec, 0.024 real sec","logger":"airflow.task.hooks.airflow.providers.standard.hooks.subprocess.SubprocessHook"}
{"timestamp":"2025-06-13T22:13:10.098119","level":"info","event":"[main] Version: 0.7.19-r1273","logger":"airflow.task.hooks.airflow.providers.standard.hooks.subprocess.SubprocessHook"}
{"timestamp":"2025-06-13T22:13:10.098261","level":"info","event":"[main] CMD: bwa mem /home/ruslan/airflow/data/GCF_000005845.2_ASM584v2_genomic.fna /home/ruslan/airflow/data/SRR33602302.fastq.gz","logger":"airflow.task.hooks.airflow.providers.standard.hooks.subprocess.SubprocessHook"}
{"timestamp":"2025-06-13T22:13:10.098331","level":"info","event":"[main] Real time: 346.479 sec; CPU: 349.400 sec","logger":"airflow.task.hooks.airflow.providers.standard.hooks.subprocess.SubprocessHook"}
{"timestamp":"2025-06-13T22:13:10.112313","level":"info","event":"Command exited with return code 0","logger":"airflow.task.hooks.airflow.providers.standard.hooks.subprocess.SubprocessHook"}
{"timestamp":"2025-06-13T22:13:10.113607","level":"info","event":"Pushing xcom","ti":"RuntimeTaskInstance(id=UUID('01976b55-45ba-782f-ab6c-d2bcaf766e27'), task_id='mem', dag_id='alignment_analysis', run_id='manual__2025-06-13T22:07:19.977379+00:00', try_number=1, map_index=-1, hostname='ruslan-MS-7D95', context_carrier=None, task=<Task(BashOperator): mem>, bundle_instance=LocalDagBundle(name=dags-folder), max_tries=0, start_date=datetime.datetime(2025, 6, 13, 22, 7, 22, 892611, tzinfo=TzInfo(UTC)), end_date=None, state=<TaskInstanceState.RUNNING: 'running'>, is_mapped=False, rendered_map_index=None)","logger":"task"}
{"timestamp":"2025-06-13T22:13:10.171863Z","level":"info","event":"Task instance in success state","chan":"stdout","logger":"task"}
{"timestamp":"2025-06-13T22:13:10.171965Z","level":"info","event":" Previous state of the Task instance: TaskInstanceState.RUNNING","chan":"stdout","logger":"task"}
{"timestamp":"2025-06-13T22:13:10.172016Z","level":"info","event":"Task operator:<Task(BashOperator): mem>","chan":"stdout","logger":"task"}
